٢٥‏/٦‏/٢٠٢٢ ١١:١٢:٤٣ م |  INFO | return Book List | data [{"book_id":2,"book_title":"test","book_description":"test","book_author":"test","book_publisher":"test","book_pages":10,"store_code":"1"}] | 
٢٥‏/٦‏/٢٠٢٢ ١١:١٣:١٨ م |  INFO | return Book List | data [{"book_id":2,"book_title":"test","book_description":"test","book_author":"test","book_publisher":"test","book_pages":10,"store_code":"1"}] | 
٢٦‏/٦‏/٢٠٢٢ ١١:١٠:٣٢ ص |  INFO | return Book List | data [{"book_id":2,"book_title":"test","book_description":"test","book_author":"test","book_publisher":"test","book_pages":10,"store_code":"1"}] | 
٢٦‏/٦‏/٢٠٢٢ ١١:١٣:٢٤ ص |  INFO | return Book List | data [{"book_id":2,"book_title":"test","book_description":"test","book_author":"test","book_publisher":"test","book_pages":10,"store_code":"1"}] | 
٢٦‏/٦‏/٢٠٢٢ ١١:٢٤:٥١ ص |  INFO | return Book List | data [{"book_id":2,"book_title":"test","book_description":"test","book_author":"test","book_publisher":"test","book_pages":10,"store_code":"1"}] | 
٢٦‏/٦‏/٢٠٢٢ ١١:٢٦:٥٠ ص |  INFO | return Book List | data [{"book_id":2,"book_title":"test","book_description":"test","book_author":"test","book_publisher":"test","book_pages":10,"store_code":"1"}] | 
٢٦‏/٦‏/٢٠٢٢ ١١:٣٤:٣٥ ص |  INFO | return Book List | data [{"book_id":2,"book_title":"test","book_description":"test","book_author":"test","book_publisher":"test","book_pages":10,"store_code":"1"}] | 
٢٦‏/٦‏/٢٠٢٢ ١١:٣٤:٥١ ص |  INFO | return Book List | data [{"book_id":2,"book_title":"test","book_description":"test","book_author":"test","book_publisher":"test","book_pages":10,"store_code":"1"}] | 
٢٦‏/٦‏/٢٠٢٢ ١١:٤٨:٠٢ ص |  INFO | return Book List | data [{"book_id":2,"book_title":"test","book_description":"test","book_author":"test","book_publisher":"test","book_pages":10,"store_code":"1"}] | 
٢٦‏/٦‏/٢٠٢٢ ١١:٤٨:٥٣ ص |  INFO | return Book List | data [{"book_id":2,"book_title":"test","book_description":"test","book_author":"test","book_publisher":"test","book_pages":10,"store_code":"1"}] | 
٢٧‏/٦‏/٢٠٢٢ ١٢:٢٨:٥٧ ص |  INFO | return Book List | data [{"book_id":2,"book_title":"test","book_description":"test","book_author":"test","book_publisher":"test","book_pages":10,"store_code":"1"}] | 
٢٧‏/٦‏/٢٠٢٢ ١٢:٥٦:٣٢ ص |  INFO | return Book List | data [{"book_id":2,"book_title":"test","book_description":"test","book_author":"test","book_publisher":"test","book_pages":10,"store_code":"1"}] | 
٢٧‏/٦‏/٢٠٢٢ ١٢:٥٨:٠٨ ص |  INFO | return Book List | data [{"book_id":2,"book_title":"test","book_description":"test","book_author":"test","book_publisher":"test","book_pages":10,"store_code":"1"},{"book_id":3,"book_title":"test 1","book_description":"test 1","book_author":"test 1","book_publisher":"test 1","book_pages":10,"store_code":"1"}] | 
٢٧‏/٦‏/٢٠٢٢ ١:١٠:١٧ ص |  INFO | return Book List | data [{"book_id":2,"book_title":"test","book_description":"test","book_author":"test","book_publisher":"test","book_pages":10,"store_code":"1"},{"book_id":3,"book_title":"test 1","book_description":"test 1","book_author":"test 1","book_publisher":"test 1","book_pages":10,"store_code":"1"}] | 
٢٧‏/٦‏/٢٠٢٢ ١:١٠:٣٩ ص |  INFO | return Book List | data [{"book_id":2,"book_title":"test","book_description":"test","book_author":"test","book_publisher":"test","book_pages":10,"store_code":"1"},{"book_id":3,"book_title":"test 1","book_description":"test 1","book_author":"test 1","book_publisher":"test 1","book_pages":10,"store_code":"1"}] | 
٢٧‏/٦‏/٢٠٢٢ ١:١١:١٨ ص |  INFO | return Book List | data [{"book_id":2,"book_title":"test","book_description":"test","book_author":"test","book_publisher":"test","book_pages":10,"store_code":"1"},{"book_id":3,"book_title":"test 1","book_description":"test 1","book_author":"test 1","book_publisher":"test 1","book_pages":10,"store_code":"1"}] | 
٢٧‏/٦‏/٢٠٢٢ ١:١٢:٣٧ ص |  INFO | return Book List | data [{"book_id":2,"book_title":"test","book_description":"test","book_author":"test","book_publisher":"test","book_pages":10,"store_code":"1"},{"book_id":3,"book_title":"test 1","book_description":"test 1","book_author":"test 1","book_publisher":"test 1","book_pages":10,"store_code":"1"}] | 
٢٧‏/٦‏/٢٠٢٢ ١:١٧:٤٨ ص |  INFO | return Book List | data [{"book_id":2,"book_title":"test","book_description":"test","book_author":"test","book_publisher":"test","book_pages":10,"store_code":"1"},{"book_id":3,"book_title":"test 1","book_description":"test 1","book_author":"test 1","book_publisher":"test 1","book_pages":10,"store_code":"1"}] | 
٢٧‏/٦‏/٢٠٢٢ ١:٢٠:٣٠ ص |  INFO | return Book List | data [{"book_id":2,"book_title":"test","book_description":"test","book_author":"test","book_publisher":"test","book_pages":10,"store_code":"1"},{"book_id":3,"book_title":"test 1","book_description":"test 1","book_author":"test 1","book_publisher":"test 1","book_pages":10,"store_code":"1"}] | 
٢٧‏/٦‏/٢٠٢٢ ١:٢٦:٣٠ ص |  INFO | return Book List | data [{"book_id":2,"book_title":"test","book_description":"test","book_author":"test","book_publisher":"test","book_pages":10,"store_code":"1"},{"book_id":3,"book_title":"test 1","book_description":"test 1","book_author":"test 1","book_publisher":"test 1","book_pages":10,"store_code":"1"}] | 
٢٧‏/٦‏/٢٠٢٢ ٣:٠٥:١١ ص |  INFO | return Book List | data [{"book_id":2,"book_title":"test","book_description":"test","book_author":"test","book_publisher":"test","book_pages":10,"store_code":"1"},{"book_id":3,"book_title":"test 1","book_description":"test 1","book_author":"test 1","book_publisher":"test 1","book_pages":10,"store_code":"1"}] | 
٢٧‏/٦‏/٢٠٢٢ ٣:٠٥:٢٥ ص |  INFO | return Book List | data [{"book_id":2,"book_title":"test","book_description":"test","book_author":"test","book_publisher":"test","book_pages":10,"store_code":"1"},{"book_id":3,"book_title":"test 1","book_description":"test 1","book_author":"test 1","book_publisher":"test 1","book_pages":10,"store_code":"1"}] | 
٣٠‏/٦‏/٢٠٢٢ ٣:٠٥:٠٧ ص |  INFO | return Book List | data [{"book_id":2,"book_title":"test","book_description":"test","book_author":"test","book_publisher":"test","book_pages":10,"store_code":"1"},{"book_id":3,"book_title":"test 1","book_description":"test 1","book_author":"test 1","book_publisher":"test 1","book_pages":10,"store_code":"1"}] | 
